---------------------------------------------------------------
[ 2018-02-07T19:17:17+08:00 ] 0.0.0.0 GET /tp5/public/index.php/admin/admin
[ info ] localhost/tp5/public/index.php/admin/admin [运行时间：0.475873s][吞吐率：2.10req/s] [内存消耗：2,034.48kb] [文件加载：46]
[ info ] [ LANG ] C:\AppServ\www\tp5\thinkphp\lang\zh-cn.php
[ info ] [ ROUTE ] array (
  'type' => 'module',
  'module' => 
  array (
    0 => 'admin',
    1 => 'admin',
    2 => NULL,
  ),
)
[ info ] [ HEADER ] array (
  'host' => 'localhost',
  'connection' => 'keep-alive',
  'upgrade-insecure-requests' => '1',
  'user-agent' => 'Mozilla/5.0 (Windows NT 10.0; Win64; x64) AppleWebKit/537.36 (KHTML, like Gecko) Chrome/64.0.3282.140 Safari/537.36',
  'accept' => 'text/html,application/xhtml+xml,application/xml;q=0.9,image/webp,image/apng,*/*;q=0.8',
  'accept-encoding' => 'gzip, deflate, br',
  'accept-language' => 'zh-CN,zh;q=0.9,en-US;q=0.8,en;q=0.7',
  'dnt' => '1',
)
[ info ] [ PARAM ] array (
)
[ info ] [ LOG ] INIT File
[ info ] [ RUN ] app\admin\controller\Admin->index[ C:\AppServ\www\tp5\application\admin\controller\Admin.php ]
[ info ] [ VIEW ] C:\AppServ\www\tp5\public/../application/admin\view\admin\server.html [ array (
  0 => 'sysos',
  1 => 'sysversion',
  2 => 'mysqlinfo',
  3 => 'gdinfo',
  4 => 'freetype',
  5 => 'allowurl',
  6 => 'max_upload',
  7 => 'max_ex_time',
  8 => 'systemtime',
) ]
[ log ] 测试日志信息
---------------------------------------------------------------
[ 2018-02-07T19:17:18+08:00 ] 0.0.0.0 GET /tp5/public/index.php/admin/admin/getstatus.html
[ info ] localhost/tp5/public/index.php/admin/admin/getstatus.html [运行时间：0.482338s][吞吐率：2.07req/s] [内存消耗：2,980.07kb] [文件加载：54]
[ info ] [ LANG ] C:\AppServ\www\tp5\thinkphp\lang\zh-cn.php
[ info ] [ ROUTE ] array (
  'type' => 'module',
  'module' => 
  array (
    0 => 'admin',
    1 => 'admin',
    2 => 'getstatus',
  ),
)
[ info ] [ HEADER ] array (
  'host' => 'localhost',
  'connection' => 'keep-alive',
  'user-agent' => 'Mozilla/5.0 (Windows NT 10.0; Win64; x64) AppleWebKit/537.36 (KHTML, like Gecko) Chrome/64.0.3282.140 Safari/537.36',
  'accept' => '*/*',
  'referer' => 'http://localhost/tp5/public/index.php/admin/admin',
  'accept-encoding' => 'gzip, deflate, br',
  'accept-language' => 'zh-CN,zh;q=0.9,en-US;q=0.8,en;q=0.7',
)
[ info ] [ PARAM ] array (
)
[ info ] [ LOG ] INIT File
[ info ] [ RUN ] app\admin\controller\Admin->getstatus[ C:\AppServ\www\tp5\application\admin\controller\Admin.php ]
[ info ] [ DB ] INIT mysql
[ log ] 测试日志信息
---------------------------------------------------------------
[ 2018-02-07T19:17:19+08:00 ] 0.0.0.0 GET /tp5/public/index.php/admin/admin/getlog.html
[ info ] localhost/tp5/public/index.php/admin/admin/getlog.html [运行时间：0.419042s][吞吐率：2.39req/s] [内存消耗：1,768.66kb] [文件加载：43]
[ info ] [ LANG ] C:\AppServ\www\tp5\thinkphp\lang\zh-cn.php
[ info ] [ ROUTE ] array (
  'type' => 'module',
  'module' => 
  array (
    0 => 'admin',
    1 => 'admin',
    2 => 'getlog',
  ),
)
[ info ] [ HEADER ] array (
  'host' => 'localhost',
  'connection' => 'keep-alive',
  'user-agent' => 'Mozilla/5.0 (Windows NT 10.0; Win64; x64) AppleWebKit/537.36 (KHTML, like Gecko) Chrome/64.0.3282.140 Safari/537.36',
  'accept' => '*/*',
  'referer' => 'http://localhost/tp5/public/index.php/admin/admin',
  'accept-encoding' => 'gzip, deflate, br',
  'accept-language' => 'zh-CN,zh;q=0.9,en-US;q=0.8,en;q=0.7',
)
[ info ] [ PARAM ] array (
)
[ info ] [ LOG ] INIT File
[ info ] [ RUN ] app\admin\controller\Admin->getlog[ C:\AppServ\www\tp5\application\admin\controller\Admin.php ]
[ log ] 测试日志信息
[ log ] 读取数据
---------------------------------------------------------------
[ 2018-02-07T19:17:39+08:00 ] 0.0.0.0 GET /tp5/public/index.php/admin/admin/index.html
[ info ] localhost/tp5/public/index.php/admin/admin/index.html [运行时间：0.432699s][吞吐率：2.31req/s] [内存消耗：1,854.06kb] [文件加载：44]
[ info ] [ LANG ] C:\AppServ\www\tp5\thinkphp\lang\zh-cn.php
[ info ] [ ROUTE ] array (
  'type' => 'module',
  'module' => 
  array (
    0 => 'admin',
    1 => 'admin',
    2 => 'index',
  ),
)
[ info ] [ HEADER ] array (
  'host' => 'localhost',
  'connection' => 'keep-alive',
  'upgrade-insecure-requests' => '1',
  'user-agent' => 'Mozilla/5.0 (Windows NT 10.0; Win64; x64) AppleWebKit/537.36 (KHTML, like Gecko) Chrome/64.0.3282.140 Safari/537.36',
  'accept' => 'text/html,application/xhtml+xml,application/xml;q=0.9,image/webp,image/apng,*/*;q=0.8',
  'referer' => 'http://localhost/tp5/public/index.php/admin/admin',
  'accept-encoding' => 'gzip, deflate, br',
  'accept-language' => 'zh-CN,zh;q=0.9,en-US;q=0.8,en;q=0.7',
  'dnt' => '1',
)
[ info ] [ PARAM ] array (
)
[ info ] [ LOG ] INIT File
[ info ] [ RUN ] app\admin\controller\Admin->index[ C:\AppServ\www\tp5\application\admin\controller\Admin.php ]
[ info ] [ VIEW ] C:\AppServ\www\tp5\public/../application/admin\view\admin\server.html [ array (
  0 => 'sysos',
  1 => 'sysversion',
  2 => 'mysqlinfo',
  3 => 'gdinfo',
  4 => 'freetype',
  5 => 'allowurl',
  6 => 'max_upload',
  7 => 'max_ex_time',
  8 => 'systemtime',
) ]
[ log ] 测试日志信息
---------------------------------------------------------------
[ 2018-02-07T19:17:40+08:00 ] 0.0.0.0 GET /tp5/public/index.php/admin/admin/getstatus.html
[ info ] localhost/tp5/public/index.php/admin/admin/getstatus.html [运行时间：0.443432s][吞吐率：2.26req/s] [内存消耗：2,980.07kb] [文件加载：54]
[ info ] [ LANG ] C:\AppServ\www\tp5\thinkphp\lang\zh-cn.php
[ info ] [ ROUTE ] array (
  'type' => 'module',
  'module' => 
  array (
    0 => 'admin',
    1 => 'admin',
    2 => 'getstatus',
  ),
)
[ info ] [ HEADER ] array (
  'host' => 'localhost',
  'connection' => 'keep-alive',
  'user-agent' => 'Mozilla/5.0 (Windows NT 10.0; Win64; x64) AppleWebKit/537.36 (KHTML, like Gecko) Chrome/64.0.3282.140 Safari/537.36',
  'accept' => '*/*',
  'referer' => 'http://localhost/tp5/public/index.php/admin/admin/index.html',
  'accept-encoding' => 'gzip, deflate, br',
  'accept-language' => 'zh-CN,zh;q=0.9,en-US;q=0.8,en;q=0.7',
)
[ info ] [ PARAM ] array (
)
[ info ] [ LOG ] INIT File
[ info ] [ RUN ] app\admin\controller\Admin->getstatus[ C:\AppServ\www\tp5\application\admin\controller\Admin.php ]
[ info ] [ DB ] INIT mysql
[ log ] 测试日志信息
---------------------------------------------------------------
[ 2018-02-07T19:17:41+08:00 ] 0.0.0.0 GET /tp5/public/index.php/admin/admin/getlog.html
[ info ] localhost/tp5/public/index.php/admin/admin/getlog.html [运行时间：0.419622s][吞吐率：2.38req/s] [内存消耗：1,768.66kb] [文件加载：43]
[ info ] [ LANG ] C:\AppServ\www\tp5\thinkphp\lang\zh-cn.php
[ info ] [ ROUTE ] array (
  'type' => 'module',
  'module' => 
  array (
    0 => 'admin',
    1 => 'admin',
    2 => 'getlog',
  ),
)
[ info ] [ HEADER ] array (
  'host' => 'localhost',
  'connection' => 'keep-alive',
  'user-agent' => 'Mozilla/5.0 (Windows NT 10.0; Win64; x64) AppleWebKit/537.36 (KHTML, like Gecko) Chrome/64.0.3282.140 Safari/537.36',
  'accept' => '*/*',
  'referer' => 'http://localhost/tp5/public/index.php/admin/admin/index.html',
  'accept-encoding' => 'gzip, deflate, br',
  'accept-language' => 'zh-CN,zh;q=0.9,en-US;q=0.8,en;q=0.7',
)
[ info ] [ PARAM ] array (
)
[ info ] [ LOG ] INIT File
[ info ] [ RUN ] app\admin\controller\Admin->getlog[ C:\AppServ\www\tp5\application\admin\controller\Admin.php ]
[ log ] 测试日志信息
[ log ] 读取数据
