---------------------------------------------------------------
[ 2018-02-25T12:45:46+08:00 ] 0.0.0.0 GET /tp5/public/index.php/admin/admin
[ info ] localhost/tp5/public/index.php/admin/admin [运行时间：0.445217s][吞吐率：2.25req/s] [内存消耗：1,853.51kb] [文件加载：44]
[ info ] [ LANG ] C:\AppServ\www\tp5\thinkphp\lang\zh-cn.php
[ info ] [ ROUTE ] array (
  'type' => 'module',
  'module' => 
  array (
    0 => 'admin',
    1 => 'admin',
    2 => NULL,
  ),
)
[ info ] [ HEADER ] array (
  'host' => 'localhost',
  'connection' => 'keep-alive',
  'upgrade-insecure-requests' => '1',
  'user-agent' => 'Mozilla/5.0 (Windows NT 10.0; Win64; x64) AppleWebKit/537.36 (KHTML, like Gecko) Chrome/64.0.3282.186 Safari/537.36',
  'accept' => 'text/html,application/xhtml+xml,application/xml;q=0.9,image/webp,image/apng,*/*;q=0.8',
  'accept-encoding' => 'gzip, deflate, br',
  'accept-language' => 'zh-CN,zh;q=0.9,en-US;q=0.8,en;q=0.7',
  'dnt' => '1',
)
[ info ] [ PARAM ] array (
)
[ info ] [ LOG ] INIT File
[ info ] [ RUN ] app\admin\controller\Admin->index[ C:\AppServ\www\tp5\application\admin\controller\Admin.php ]
[ info ] [ VIEW ] C:\AppServ\www\tp5\public/../application/admin\view\admin\server.html [ array (
  0 => 'sysos',
  1 => 'sysversion',
  2 => 'mysqlinfo',
  3 => 'gdinfo',
  4 => 'freetype',
  5 => 'allowurl',
  6 => 'max_upload',
  7 => 'max_ex_time',
  8 => 'systemtime',
) ]
[ log ] 测试日志信息
---------------------------------------------------------------
[ 2018-02-25T12:46:12+08:00 ] 0.0.0.0 GET /tp5/public/index.php/admin/admin
[ info ] localhost/tp5/public/index.php/admin/admin [运行时间：0.437070s][吞吐率：2.29req/s] [内存消耗：1,853.92kb] [文件加载：44]
[ info ] [ LANG ] C:\AppServ\www\tp5\thinkphp\lang\zh-cn.php
[ info ] [ ROUTE ] array (
  'type' => 'module',
  'module' => 
  array (
    0 => 'admin',
    1 => 'admin',
    2 => NULL,
  ),
)
[ info ] [ HEADER ] array (
  'host' => 'localhost',
  'connection' => 'keep-alive',
  'cache-control' => 'max-age=0',
  'upgrade-insecure-requests' => '1',
  'user-agent' => 'Mozilla/5.0 (Windows NT 10.0; Win64; x64) AppleWebKit/537.36 (KHTML, like Gecko) Chrome/64.0.3282.186 Safari/537.36',
  'accept' => 'text/html,application/xhtml+xml,application/xml;q=0.9,image/webp,image/apng,*/*;q=0.8',
  'accept-encoding' => 'gzip, deflate, br',
  'accept-language' => 'zh-CN,zh;q=0.9,en-US;q=0.8,en;q=0.7',
  'dnt' => '1',
)
[ info ] [ PARAM ] array (
)
[ info ] [ LOG ] INIT File
[ info ] [ RUN ] app\admin\controller\Admin->index[ C:\AppServ\www\tp5\application\admin\controller\Admin.php ]
[ info ] [ VIEW ] C:\AppServ\www\tp5\public/../application/admin\view\admin\server.html [ array (
  0 => 'sysos',
  1 => 'sysversion',
  2 => 'mysqlinfo',
  3 => 'gdinfo',
  4 => 'freetype',
  5 => 'allowurl',
  6 => 'max_upload',
  7 => 'max_ex_time',
  8 => 'systemtime',
) ]
[ log ] 测试日志信息
