---------------------------------------------------------------
[ 2018-02-27T14:42:55+08:00 ] 0.0.0.0 GET /tp5/public/index.php/admin/admin
[ info ] localhost/tp5/public/index.php/admin/admin [运行时间：0.441870s][吞吐率：2.26req/s] [内存消耗：1,853.51kb] [文件加载：44]
[ info ] [ LANG ] C:\AppServ\www\tp5\thinkphp\lang\zh-cn.php
[ info ] [ ROUTE ] array (
  'type' => 'module',
  'module' => 
  array (
    0 => 'admin',
    1 => 'admin',
    2 => NULL,
  ),
)
[ info ] [ HEADER ] array (
  'host' => 'localhost',
  'connection' => 'keep-alive',
  'upgrade-insecure-requests' => '1',
  'user-agent' => 'Mozilla/5.0 (Windows NT 10.0; Win64; x64) AppleWebKit/537.36 (KHTML, like Gecko) Chrome/64.0.3282.186 Safari/537.36',
  'accept' => 'text/html,application/xhtml+xml,application/xml;q=0.9,image/webp,image/apng,*/*;q=0.8',
  'accept-encoding' => 'gzip, deflate, br',
  'accept-language' => 'zh-CN,zh;q=0.9,en-US;q=0.8,en;q=0.7',
  'dnt' => '1',
)
[ info ] [ PARAM ] array (
)
[ info ] [ LOG ] INIT File
[ info ] [ RUN ] app\admin\controller\Admin->index[ C:\AppServ\www\tp5\application\admin\controller\Admin.php ]
[ info ] [ VIEW ] C:\AppServ\www\tp5\public/../application/admin\view\admin\server.html [ array (
  0 => 'sysos',
  1 => 'sysversion',
  2 => 'mysqlinfo',
  3 => 'gdinfo',
  4 => 'freetype',
  5 => 'allowurl',
  6 => 'max_upload',
  7 => 'max_ex_time',
  8 => 'systemtime',
) ]
[ log ] 测试日志信息
---------------------------------------------------------------
[ 2018-02-27T14:43:00+08:00 ] 0.0.0.0 GET /tp5/public/index.php/admin/admin/getstatus.html
[ info ] localhost/tp5/public/index.php/admin/admin/getstatus.html [运行时间：0.472022s][吞吐率：2.12req/s] [内存消耗：2,980.12kb] [文件加载：54]
[ info ] [ LANG ] C:\AppServ\www\tp5\thinkphp\lang\zh-cn.php
[ info ] [ ROUTE ] array (
  'type' => 'module',
  'module' => 
  array (
    0 => 'admin',
    1 => 'admin',
    2 => 'getstatus',
  ),
)
[ info ] [ HEADER ] array (
  'host' => 'localhost',
  'connection' => 'keep-alive',
  'user-agent' => 'Mozilla/5.0 (Windows NT 10.0; Win64; x64) AppleWebKit/537.36 (KHTML, like Gecko) Chrome/64.0.3282.186 Safari/537.36',
  'accept' => '*/*',
  'referer' => 'http://localhost/tp5/public/index.php/admin/admin',
  'accept-encoding' => 'gzip, deflate, br',
  'accept-language' => 'zh-CN,zh;q=0.9,en-US;q=0.8,en;q=0.7',
  'dnt' => '1',
)
[ info ] [ PARAM ] array (
)
[ info ] [ LOG ] INIT File
[ info ] [ RUN ] app\admin\controller\Admin->getstatus[ C:\AppServ\www\tp5\application\admin\controller\Admin.php ]
[ info ] [ DB ] INIT mysql
[ log ] 测试日志信息
---------------------------------------------------------------
[ 2018-02-27T14:43:01+08:00 ] 0.0.0.0 GET /tp5/public/index.php/admin/admin/getlog.html
[ info ] localhost/tp5/public/index.php/admin/admin/getlog.html [运行时间：0.421339s][吞吐率：2.37req/s] [内存消耗：1,768.70kb] [文件加载：43]
[ info ] [ LANG ] C:\AppServ\www\tp5\thinkphp\lang\zh-cn.php
[ info ] [ ROUTE ] array (
  'type' => 'module',
  'module' => 
  array (
    0 => 'admin',
    1 => 'admin',
    2 => 'getlog',
  ),
)
[ info ] [ HEADER ] array (
  'host' => 'localhost',
  'connection' => 'keep-alive',
  'user-agent' => 'Mozilla/5.0 (Windows NT 10.0; Win64; x64) AppleWebKit/537.36 (KHTML, like Gecko) Chrome/64.0.3282.186 Safari/537.36',
  'accept' => '*/*',
  'referer' => 'http://localhost/tp5/public/index.php/admin/admin',
  'accept-encoding' => 'gzip, deflate, br',
  'accept-language' => 'zh-CN,zh;q=0.9,en-US;q=0.8,en;q=0.7',
  'dnt' => '1',
)
[ info ] [ PARAM ] array (
)
[ info ] [ LOG ] INIT File
[ info ] [ RUN ] app\admin\controller\Admin->getlog[ C:\AppServ\www\tp5\application\admin\controller\Admin.php ]
[ log ] 测试日志信息
[ log ] 读取数据
---------------------------------------------------------------
[ 2018-02-27T14:43:22+08:00 ] 0.0.0.0 GET /tp5/public/index.php/admin/admin/getstatus.html
[ info ] localhost/tp5/public/index.php/admin/admin/getstatus.html [运行时间：0.447295s][吞吐率：2.24req/s] [内存消耗：2,980.12kb] [文件加载：54]
[ info ] [ LANG ] C:\AppServ\www\tp5\thinkphp\lang\zh-cn.php
[ info ] [ ROUTE ] array (
  'type' => 'module',
  'module' => 
  array (
    0 => 'admin',
    1 => 'admin',
    2 => 'getstatus',
  ),
)
[ info ] [ HEADER ] array (
  'host' => 'localhost',
  'connection' => 'keep-alive',
  'user-agent' => 'Mozilla/5.0 (Windows NT 10.0; Win64; x64) AppleWebKit/537.36 (KHTML, like Gecko) Chrome/64.0.3282.186 Safari/537.36',
  'accept' => '*/*',
  'referer' => 'http://localhost/tp5/public/index.php/admin/admin',
  'accept-encoding' => 'gzip, deflate, br',
  'accept-language' => 'zh-CN,zh;q=0.9,en-US;q=0.8,en;q=0.7',
  'dnt' => '1',
)
[ info ] [ PARAM ] array (
)
[ info ] [ LOG ] INIT File
[ info ] [ RUN ] app\admin\controller\Admin->getstatus[ C:\AppServ\www\tp5\application\admin\controller\Admin.php ]
[ info ] [ DB ] INIT mysql
[ log ] 测试日志信息
---------------------------------------------------------------
[ 2018-02-27T14:43:23+08:00 ] 0.0.0.0 GET /tp5/public/index.php/admin/admin/getlog.html
[ info ] localhost/tp5/public/index.php/admin/admin/getlog.html [运行时间：0.421830s][吞吐率：2.37req/s] [内存消耗：1,768.70kb] [文件加载：43]
[ info ] [ LANG ] C:\AppServ\www\tp5\thinkphp\lang\zh-cn.php
[ info ] [ ROUTE ] array (
  'type' => 'module',
  'module' => 
  array (
    0 => 'admin',
    1 => 'admin',
    2 => 'getlog',
  ),
)
[ info ] [ HEADER ] array (
  'host' => 'localhost',
  'connection' => 'keep-alive',
  'user-agent' => 'Mozilla/5.0 (Windows NT 10.0; Win64; x64) AppleWebKit/537.36 (KHTML, like Gecko) Chrome/64.0.3282.186 Safari/537.36',
  'accept' => '*/*',
  'referer' => 'http://localhost/tp5/public/index.php/admin/admin',
  'accept-encoding' => 'gzip, deflate, br',
  'accept-language' => 'zh-CN,zh;q=0.9,en-US;q=0.8,en;q=0.7',
  'dnt' => '1',
)
[ info ] [ PARAM ] array (
)
[ info ] [ LOG ] INIT File
[ info ] [ RUN ] app\admin\controller\Admin->getlog[ C:\AppServ\www\tp5\application\admin\controller\Admin.php ]
[ log ] 测试日志信息
[ log ] 读取数据
---------------------------------------------------------------
[ 2018-02-27T14:43:42+08:00 ] 0.0.0.0 GET /tp5/public/index.php/admin/admin/getstatus.html
[ info ] localhost/tp5/public/index.php/admin/admin/getstatus.html [运行时间：0.447736s][吞吐率：2.23req/s] [内存消耗：2,980.12kb] [文件加载：54]
[ info ] [ LANG ] C:\AppServ\www\tp5\thinkphp\lang\zh-cn.php
[ info ] [ ROUTE ] array (
  'type' => 'module',
  'module' => 
  array (
    0 => 'admin',
    1 => 'admin',
    2 => 'getstatus',
  ),
)
[ info ] [ HEADER ] array (
  'host' => 'localhost',
  'connection' => 'keep-alive',
  'user-agent' => 'Mozilla/5.0 (Windows NT 10.0; Win64; x64) AppleWebKit/537.36 (KHTML, like Gecko) Chrome/64.0.3282.186 Safari/537.36',
  'accept' => '*/*',
  'referer' => 'http://localhost/tp5/public/index.php/admin/admin',
  'accept-encoding' => 'gzip, deflate, br',
  'accept-language' => 'zh-CN,zh;q=0.9,en-US;q=0.8,en;q=0.7',
  'dnt' => '1',
)
[ info ] [ PARAM ] array (
)
[ info ] [ LOG ] INIT File
[ info ] [ RUN ] app\admin\controller\Admin->getstatus[ C:\AppServ\www\tp5\application\admin\controller\Admin.php ]
[ info ] [ DB ] INIT mysql
[ log ] 测试日志信息
---------------------------------------------------------------
[ 2018-02-27T14:43:43+08:00 ] 0.0.0.0 GET /tp5/public/index.php/admin/admin/getlog.html
[ info ] localhost/tp5/public/index.php/admin/admin/getlog.html [运行时间：0.421062s][吞吐率：2.37req/s] [内存消耗：1,768.70kb] [文件加载：43]
[ info ] [ LANG ] C:\AppServ\www\tp5\thinkphp\lang\zh-cn.php
[ info ] [ ROUTE ] array (
  'type' => 'module',
  'module' => 
  array (
    0 => 'admin',
    1 => 'admin',
    2 => 'getlog',
  ),
)
[ info ] [ HEADER ] array (
  'host' => 'localhost',
  'connection' => 'keep-alive',
  'user-agent' => 'Mozilla/5.0 (Windows NT 10.0; Win64; x64) AppleWebKit/537.36 (KHTML, like Gecko) Chrome/64.0.3282.186 Safari/537.36',
  'accept' => '*/*',
  'referer' => 'http://localhost/tp5/public/index.php/admin/admin',
  'accept-encoding' => 'gzip, deflate, br',
  'accept-language' => 'zh-CN,zh;q=0.9,en-US;q=0.8,en;q=0.7',
  'dnt' => '1',
)
[ info ] [ PARAM ] array (
)
[ info ] [ LOG ] INIT File
[ info ] [ RUN ] app\admin\controller\Admin->getlog[ C:\AppServ\www\tp5\application\admin\controller\Admin.php ]
[ log ] 测试日志信息
[ log ] 读取数据
---------------------------------------------------------------
[ 2018-02-27T14:43:44+08:00 ] 0.0.0.0 GET /tp5/public/index.php/admin/admin/contractors.html
[ info ] localhost/tp5/public/index.php/admin/admin/contractors.html [运行时间：0.450570s][吞吐率：2.22req/s] [内存消耗：3,194.66kb] [文件加载：54]
[ info ] [ LANG ] C:\AppServ\www\tp5\thinkphp\lang\zh-cn.php
[ info ] [ ROUTE ] array (
  'type' => 'module',
  'module' => 
  array (
    0 => 'admin',
    1 => 'admin',
    2 => 'contractors',
  ),
)
[ info ] [ HEADER ] array (
  'host' => 'localhost',
  'connection' => 'keep-alive',
  'upgrade-insecure-requests' => '1',
  'user-agent' => 'Mozilla/5.0 (Windows NT 10.0; Win64; x64) AppleWebKit/537.36 (KHTML, like Gecko) Chrome/64.0.3282.186 Safari/537.36',
  'accept' => 'text/html,application/xhtml+xml,application/xml;q=0.9,image/webp,image/apng,*/*;q=0.8',
  'referer' => 'http://localhost/tp5/public/index.php/admin/admin',
  'accept-encoding' => 'gzip, deflate, br',
  'accept-language' => 'zh-CN,zh;q=0.9,en-US;q=0.8,en;q=0.7',
  'dnt' => '1',
)
[ info ] [ PARAM ] array (
)
[ info ] [ LOG ] INIT File
[ info ] [ RUN ] app\admin\controller\Admin->contractors[ C:\AppServ\www\tp5\application\admin\controller\Admin.php ]
[ info ] [ DB ] INIT mysql
[ info ] [ VIEW ] C:\AppServ\www\tp5\public/../application/admin\view\admin\contractors.html [ array (
  0 => 'list',
) ]
[ log ] 测试日志信息
---------------------------------------------------------------
[ 2018-02-27T14:43:44+08:00 ] 0.0.0.0 GET /tp5/public/index.php/admin/admin/contractors.html
[ info ] localhost/tp5/public/index.php/admin/admin/contractors.html [运行时间：0.450873s][吞吐率：2.22req/s] [内存消耗：3,029.13kb] [文件加载：52]
[ info ] [ LANG ] C:\AppServ\www\tp5\thinkphp\lang\zh-cn.php
[ info ] [ ROUTE ] array (
  'type' => 'module',
  'module' => 
  array (
    0 => 'admin',
    1 => 'admin',
    2 => 'contractors',
  ),
)
[ info ] [ HEADER ] array (
  'host' => 'localhost',
  'connection' => 'keep-alive',
  'upgrade-insecure-requests' => '1',
  'user-agent' => 'Mozilla/5.0 (Windows NT 10.0; Win64; x64) AppleWebKit/537.36 (KHTML, like Gecko) Chrome/64.0.3282.186 Safari/537.36',
  'accept' => 'text/html,application/xhtml+xml,application/xml;q=0.9,image/webp,image/apng,*/*;q=0.8',
  'referer' => 'http://localhost/tp5/public/index.php/admin/admin',
  'accept-encoding' => 'gzip, deflate, br',
  'accept-language' => 'zh-CN,zh;q=0.9,en-US;q=0.8,en;q=0.7',
  'dnt' => '1',
)
[ info ] [ PARAM ] array (
)
[ info ] [ LOG ] INIT File
[ info ] [ RUN ] app\admin\controller\Admin->contractors[ C:\AppServ\www\tp5\application\admin\controller\Admin.php ]
[ info ] [ DB ] INIT mysql
[ info ] [ VIEW ] C:\AppServ\www\tp5\public/../application/admin\view\admin\contractors.html [ array (
  0 => 'list',
) ]
[ log ] 测试日志信息
---------------------------------------------------------------
[ 2018-02-27T14:43:45+08:00 ] 0.0.0.0 GET /tp5/public/index.php/admin/admin/contractors.html
[ info ] localhost/tp5/public/index.php/admin/admin/contractors.html [运行时间：0.451582s][吞吐率：2.21req/s] [内存消耗：3,029.13kb] [文件加载：52]
[ info ] [ LANG ] C:\AppServ\www\tp5\thinkphp\lang\zh-cn.php
[ info ] [ ROUTE ] array (
  'type' => 'module',
  'module' => 
  array (
    0 => 'admin',
    1 => 'admin',
    2 => 'contractors',
  ),
)
[ info ] [ HEADER ] array (
  'host' => 'localhost',
  'connection' => 'keep-alive',
  'upgrade-insecure-requests' => '1',
  'user-agent' => 'Mozilla/5.0 (Windows NT 10.0; Win64; x64) AppleWebKit/537.36 (KHTML, like Gecko) Chrome/64.0.3282.186 Safari/537.36',
  'accept' => 'text/html,application/xhtml+xml,application/xml;q=0.9,image/webp,image/apng,*/*;q=0.8',
  'referer' => 'http://localhost/tp5/public/index.php/admin/admin',
  'accept-encoding' => 'gzip, deflate, br',
  'accept-language' => 'zh-CN,zh;q=0.9,en-US;q=0.8,en;q=0.7',
  'dnt' => '1',
)
[ info ] [ PARAM ] array (
)
[ info ] [ LOG ] INIT File
[ info ] [ RUN ] app\admin\controller\Admin->contractors[ C:\AppServ\www\tp5\application\admin\controller\Admin.php ]
[ info ] [ DB ] INIT mysql
[ info ] [ VIEW ] C:\AppServ\www\tp5\public/../application/admin\view\admin\contractors.html [ array (
  0 => 'list',
) ]
[ log ] 测试日志信息
---------------------------------------------------------------
[ 2018-02-27T14:43:54+08:00 ] 0.0.0.0 GET /tp5/public/index.php/admin/admin/addcon.html
[ info ] localhost/tp5/public/index.php/admin/admin/addcon.html [运行时间：0.439567s][吞吐率：2.27req/s] [内存消耗：2,033.68kb] [文件加载：46]
[ info ] [ LANG ] C:\AppServ\www\tp5\thinkphp\lang\zh-cn.php
[ info ] [ ROUTE ] array (
  'type' => 'module',
  'module' => 
  array (
    0 => 'admin',
    1 => 'admin',
    2 => 'addcon',
  ),
)
[ info ] [ HEADER ] array (
  'host' => 'localhost',
  'connection' => 'keep-alive',
  'upgrade-insecure-requests' => '1',
  'user-agent' => 'Mozilla/5.0 (Windows NT 10.0; Win64; x64) AppleWebKit/537.36 (KHTML, like Gecko) Chrome/64.0.3282.186 Safari/537.36',
  'accept' => 'text/html,application/xhtml+xml,application/xml;q=0.9,image/webp,image/apng,*/*;q=0.8',
  'referer' => 'http://localhost/tp5/public/index.php/admin/admin/contractors.html',
  'accept-encoding' => 'gzip, deflate, br',
  'accept-language' => 'zh-CN,zh;q=0.9,en-US;q=0.8,en;q=0.7',
  'dnt' => '1',
)
[ info ] [ PARAM ] array (
)
[ info ] [ LOG ] INIT File
[ info ] [ RUN ] app\admin\controller\Admin->addcon[ C:\AppServ\www\tp5\application\admin\controller\Admin.php ]
[ info ] [ VIEW ] C:\AppServ\www\tp5\public/../application/admin\view\admin\add-con.html [ array (
) ]
[ log ] 测试日志信息
---------------------------------------------------------------
[ 2018-02-27T14:43:56+08:00 ] 0.0.0.0 GET /tp5/public/index.php/admin/admin/revisecon.html
[ info ] localhost/tp5/public/index.php/admin/admin/revisecon.html [运行时间：0.439215s][吞吐率：2.28req/s] [内存消耗：2,009.71kb] [文件加载：46]
[ info ] [ LANG ] C:\AppServ\www\tp5\thinkphp\lang\zh-cn.php
[ info ] [ ROUTE ] array (
  'type' => 'module',
  'module' => 
  array (
    0 => 'admin',
    1 => 'admin',
    2 => 'revisecon',
  ),
)
[ info ] [ HEADER ] array (
  'host' => 'localhost',
  'connection' => 'keep-alive',
  'upgrade-insecure-requests' => '1',
  'user-agent' => 'Mozilla/5.0 (Windows NT 10.0; Win64; x64) AppleWebKit/537.36 (KHTML, like Gecko) Chrome/64.0.3282.186 Safari/537.36',
  'accept' => 'text/html,application/xhtml+xml,application/xml;q=0.9,image/webp,image/apng,*/*;q=0.8',
  'referer' => 'http://localhost/tp5/public/index.php/admin/admin/addcon.html',
  'accept-encoding' => 'gzip, deflate, br',
  'accept-language' => 'zh-CN,zh;q=0.9,en-US;q=0.8,en;q=0.7',
  'dnt' => '1',
)
[ info ] [ PARAM ] array (
)
[ info ] [ LOG ] INIT File
[ info ] [ RUN ] app\admin\controller\Admin->revisecon[ C:\AppServ\www\tp5\application\admin\controller\Admin.php ]
[ info ] [ VIEW ] C:\AppServ\www\tp5\public/../application/admin\view\admin\revise-con.html [ array (
) ]
[ log ] 测试日志信息
---------------------------------------------------------------
[ 2018-02-27T14:44:00+08:00 ] 0.0.0.0 GET /tp5/public/index.php/admin/admin/companies.html
[ info ] localhost/tp5/public/index.php/admin/admin/companies.html [运行时间：0.460548s][吞吐率：2.17req/s] [内存消耗：3,183.87kb] [文件加载：54]
[ info ] [ LANG ] C:\AppServ\www\tp5\thinkphp\lang\zh-cn.php
[ info ] [ ROUTE ] array (
  'type' => 'module',
  'module' => 
  array (
    0 => 'admin',
    1 => 'admin',
    2 => 'companies',
  ),
)
[ info ] [ HEADER ] array (
  'host' => 'localhost',
  'connection' => 'keep-alive',
  'upgrade-insecure-requests' => '1',
  'user-agent' => 'Mozilla/5.0 (Windows NT 10.0; Win64; x64) AppleWebKit/537.36 (KHTML, like Gecko) Chrome/64.0.3282.186 Safari/537.36',
  'accept' => 'text/html,application/xhtml+xml,application/xml;q=0.9,image/webp,image/apng,*/*;q=0.8',
  'referer' => 'http://localhost/tp5/public/index.php/admin/admin/revisecon.html',
  'accept-encoding' => 'gzip, deflate, br',
  'accept-language' => 'zh-CN,zh;q=0.9,en-US;q=0.8,en;q=0.7',
  'dnt' => '1',
)
[ info ] [ PARAM ] array (
)
[ info ] [ LOG ] INIT File
[ info ] [ RUN ] app\admin\controller\Admin->companies[ C:\AppServ\www\tp5\application\admin\controller\Admin.php ]
[ info ] [ DB ] INIT mysql
[ info ] [ VIEW ] C:\AppServ\www\tp5\public/../application/admin\view\admin\companies.html [ array (
  0 => 'list',
) ]
[ log ] 测试日志信息
---------------------------------------------------------------
[ 2018-02-27T14:44:02+08:00 ] 0.0.0.0 GET /tp5/public/index.php/admin/admin/addcom.html
[ info ] localhost/tp5/public/index.php/admin/admin/addcom.html [运行时间：0.438880s][吞吐率：2.28req/s] [内存消耗：2,009.68kb] [文件加载：46]
[ info ] [ LANG ] C:\AppServ\www\tp5\thinkphp\lang\zh-cn.php
[ info ] [ ROUTE ] array (
  'type' => 'module',
  'module' => 
  array (
    0 => 'admin',
    1 => 'admin',
    2 => 'addcom',
  ),
)
[ info ] [ HEADER ] array (
  'host' => 'localhost',
  'connection' => 'keep-alive',
  'upgrade-insecure-requests' => '1',
  'user-agent' => 'Mozilla/5.0 (Windows NT 10.0; Win64; x64) AppleWebKit/537.36 (KHTML, like Gecko) Chrome/64.0.3282.186 Safari/537.36',
  'accept' => 'text/html,application/xhtml+xml,application/xml;q=0.9,image/webp,image/apng,*/*;q=0.8',
  'referer' => 'http://localhost/tp5/public/index.php/admin/admin/companies.html',
  'accept-encoding' => 'gzip, deflate, br',
  'accept-language' => 'zh-CN,zh;q=0.9,en-US;q=0.8,en;q=0.7',
  'dnt' => '1',
)
[ info ] [ PARAM ] array (
)
[ info ] [ LOG ] INIT File
[ info ] [ RUN ] app\admin\controller\Admin->addcom[ C:\AppServ\www\tp5\application\admin\controller\Admin.php ]
[ info ] [ VIEW ] C:\AppServ\www\tp5\public/../application/admin\view\admin\add-com.html [ array (
) ]
[ log ] 测试日志信息
---------------------------------------------------------------
[ 2018-02-27T14:44:04+08:00 ] 0.0.0.0 GET /tp5/public/index.php/admin/admin/revisecom.html
[ info ] localhost/tp5/public/index.php/admin/admin/revisecom.html [运行时间：0.439239s][吞吐率：2.28req/s] [内存消耗：2,009.71kb] [文件加载：46]
[ info ] [ LANG ] C:\AppServ\www\tp5\thinkphp\lang\zh-cn.php
[ info ] [ ROUTE ] array (
  'type' => 'module',
  'module' => 
  array (
    0 => 'admin',
    1 => 'admin',
    2 => 'revisecom',
  ),
)
[ info ] [ HEADER ] array (
  'host' => 'localhost',
  'connection' => 'keep-alive',
  'upgrade-insecure-requests' => '1',
  'user-agent' => 'Mozilla/5.0 (Windows NT 10.0; Win64; x64) AppleWebKit/537.36 (KHTML, like Gecko) Chrome/64.0.3282.186 Safari/537.36',
  'accept' => 'text/html,application/xhtml+xml,application/xml;q=0.9,image/webp,image/apng,*/*;q=0.8',
  'referer' => 'http://localhost/tp5/public/index.php/admin/admin/addcom.html',
  'accept-encoding' => 'gzip, deflate, br',
  'accept-language' => 'zh-CN,zh;q=0.9,en-US;q=0.8,en;q=0.7',
  'dnt' => '1',
)
[ info ] [ PARAM ] array (
)
[ info ] [ LOG ] INIT File
[ info ] [ RUN ] app\admin\controller\Admin->revisecom[ C:\AppServ\www\tp5\application\admin\controller\Admin.php ]
[ info ] [ VIEW ] C:\AppServ\www\tp5\public/../application/admin\view\admin\revise-com.html [ array (
) ]
[ log ] 测试日志信息
---------------------------------------------------------------
[ 2018-02-27T14:44:09+08:00 ] 0.0.0.0 GET /tp5/public/index.php/admin/admin/user.html
[ info ] localhost/tp5/public/index.php/admin/admin/user.html [运行时间：0.453202s][吞吐率：2.21req/s] [内存消耗：3,203.65kb] [文件加载：54]
[ info ] [ LANG ] C:\AppServ\www\tp5\thinkphp\lang\zh-cn.php
[ info ] [ ROUTE ] array (
  'type' => 'module',
  'module' => 
  array (
    0 => 'admin',
    1 => 'admin',
    2 => 'user',
  ),
)
[ info ] [ HEADER ] array (
  'host' => 'localhost',
  'connection' => 'keep-alive',
  'upgrade-insecure-requests' => '1',
  'user-agent' => 'Mozilla/5.0 (Windows NT 10.0; Win64; x64) AppleWebKit/537.36 (KHTML, like Gecko) Chrome/64.0.3282.186 Safari/537.36',
  'accept' => 'text/html,application/xhtml+xml,application/xml;q=0.9,image/webp,image/apng,*/*;q=0.8',
  'referer' => 'http://localhost/tp5/public/index.php/admin/admin/revisecom.html',
  'accept-encoding' => 'gzip, deflate, br',
  'accept-language' => 'zh-CN,zh;q=0.9,en-US;q=0.8,en;q=0.7',
  'dnt' => '1',
)
[ info ] [ PARAM ] array (
)
[ info ] [ LOG ] INIT File
[ info ] [ RUN ] app\admin\controller\Admin->user[ C:\AppServ\www\tp5\application\admin\controller\Admin.php ]
[ info ] [ DB ] INIT mysql
[ info ] [ VIEW ] C:\AppServ\www\tp5\public/../application/admin\view\admin\user.html [ array (
  0 => 'list',
) ]
[ log ] 测试日志信息
---------------------------------------------------------------
[ 2018-02-27T14:44:12+08:00 ] 0.0.0.0 GET /tp5/public/index.php/admin/admin/reviseuser.html
[ info ] localhost/tp5/public/index.php/admin/admin/reviseuser.html [运行时间：0.439016s][吞吐率：2.28req/s] [内存消耗：2,009.71kb] [文件加载：46]
[ info ] [ LANG ] C:\AppServ\www\tp5\thinkphp\lang\zh-cn.php
[ info ] [ ROUTE ] array (
  'type' => 'module',
  'module' => 
  array (
    0 => 'admin',
    1 => 'admin',
    2 => 'reviseuser',
  ),
)
[ info ] [ HEADER ] array (
  'host' => 'localhost',
  'connection' => 'keep-alive',
  'upgrade-insecure-requests' => '1',
  'user-agent' => 'Mozilla/5.0 (Windows NT 10.0; Win64; x64) AppleWebKit/537.36 (KHTML, like Gecko) Chrome/64.0.3282.186 Safari/537.36',
  'accept' => 'text/html,application/xhtml+xml,application/xml;q=0.9,image/webp,image/apng,*/*;q=0.8',
  'referer' => 'http://localhost/tp5/public/index.php/admin/admin/user.html',
  'accept-encoding' => 'gzip, deflate, br',
  'accept-language' => 'zh-CN,zh;q=0.9,en-US;q=0.8,en;q=0.7',
  'dnt' => '1',
)
[ info ] [ PARAM ] array (
)
[ info ] [ LOG ] INIT File
[ info ] [ RUN ] app\admin\controller\Admin->reviseuser[ C:\AppServ\www\tp5\application\admin\controller\Admin.php ]
[ info ] [ VIEW ] C:\AppServ\www\tp5\public/../application/admin\view\admin\revise-user.html [ array (
) ]
[ log ] 测试日志信息
---------------------------------------------------------------
[ 2018-02-27T14:44:15+08:00 ] 0.0.0.0 GET /tp5/public/index.php/admin/admin/backup.html
[ info ] localhost/tp5/public/index.php/admin/admin/backup.html [运行时间：0.825154s][吞吐率：1.21req/s] [内存消耗：1,805.48kb] [文件加载：45]
[ info ] [ LANG ] C:\AppServ\www\tp5\thinkphp\lang\zh-cn.php
[ info ] [ ROUTE ] array (
  'type' => 'module',
  'module' => 
  array (
    0 => 'admin',
    1 => 'admin',
    2 => 'backup',
  ),
)
[ info ] [ HEADER ] array (
  'host' => 'localhost',
  'connection' => 'keep-alive',
  'upgrade-insecure-requests' => '1',
  'user-agent' => 'Mozilla/5.0 (Windows NT 10.0; Win64; x64) AppleWebKit/537.36 (KHTML, like Gecko) Chrome/64.0.3282.186 Safari/537.36',
  'accept' => 'text/html,application/xhtml+xml,application/xml;q=0.9,image/webp,image/apng,*/*;q=0.8',
  'referer' => 'http://localhost/tp5/public/index.php/admin/admin/reviseuser.html',
  'accept-encoding' => 'gzip, deflate, br',
  'accept-language' => 'zh-CN,zh;q=0.9,en-US;q=0.8,en;q=0.7',
  'dnt' => '1',
)
[ info ] [ PARAM ] array (
)
[ info ] [ LOG ] INIT File
[ log ] 测试日志信息
---------------------------------------------------------------
[ 2018-02-27T15:43:03+08:00 ] 0.0.0.0 GET /tp5/public/index.php/admin/admin
[ info ] localhost/tp5/public/index.php/admin/admin [运行时间：0.428734s][吞吐率：2.33req/s] [内存消耗：1,853.52kb] [文件加载：44]
[ info ] [ LANG ] C:\AppServ\www\tp5\thinkphp\lang\zh-cn.php
[ info ] [ ROUTE ] array (
  'type' => 'module',
  'module' => 
  array (
    0 => 'admin',
    1 => 'admin',
    2 => NULL,
  ),
)
[ info ] [ HEADER ] array (
  'host' => 'localhost',
  'connection' => 'keep-alive',
  'upgrade-insecure-requests' => '1',
  'user-agent' => 'Mozilla/5.0 (Windows NT 10.0; Win64; x64) AppleWebKit/537.36 (KHTML, like Gecko) Chrome/64.0.3282.186 Safari/537.36',
  'accept' => 'text/html,application/xhtml+xml,application/xml;q=0.9,image/webp,image/apng,*/*;q=0.8',
  'accept-encoding' => 'gzip, deflate, br',
  'accept-language' => 'zh-CN,zh;q=0.9,en-US;q=0.8,en;q=0.7',
  'dnt' => '1',
)
[ info ] [ PARAM ] array (
)
[ info ] [ LOG ] INIT File
[ info ] [ RUN ] app\admin\controller\Admin->index[ C:\AppServ\www\tp5\application\admin\controller\Admin.php ]
[ info ] [ VIEW ] C:\AppServ\www\tp5\public/../application/admin\view\admin\server.html [ array (
  0 => 'sysos',
  1 => 'sysversion',
  2 => 'mysqlinfo',
  3 => 'gdinfo',
  4 => 'freetype',
  5 => 'allowurl',
  6 => 'max_upload',
  7 => 'max_ex_time',
  8 => 'systemtime',
) ]
[ log ] 测试日志信息
---------------------------------------------------------------
[ 2018-02-27T15:43:05+08:00 ] 0.0.0.0 GET /tp5/public/index.php/admin/admin/getstatus.html
[ info ] localhost/tp5/public/index.php/admin/admin/getstatus.html [运行时间：0.448661s][吞吐率：2.23req/s] [内存消耗：2,980.12kb] [文件加载：54]
[ info ] [ LANG ] C:\AppServ\www\tp5\thinkphp\lang\zh-cn.php
[ info ] [ ROUTE ] array (
  'type' => 'module',
  'module' => 
  array (
    0 => 'admin',
    1 => 'admin',
    2 => 'getstatus',
  ),
)
[ info ] [ HEADER ] array (
  'host' => 'localhost',
  'connection' => 'keep-alive',
  'user-agent' => 'Mozilla/5.0 (Windows NT 10.0; Win64; x64) AppleWebKit/537.36 (KHTML, like Gecko) Chrome/64.0.3282.186 Safari/537.36',
  'accept' => '*/*',
  'referer' => 'http://localhost/tp5/public/index.php/admin/admin',
  'accept-encoding' => 'gzip, deflate, br',
  'accept-language' => 'zh-CN,zh;q=0.9,en-US;q=0.8,en;q=0.7',
  'dnt' => '1',
)
[ info ] [ PARAM ] array (
)
[ info ] [ LOG ] INIT File
[ info ] [ RUN ] app\admin\controller\Admin->getstatus[ C:\AppServ\www\tp5\application\admin\controller\Admin.php ]
[ info ] [ DB ] INIT mysql
[ log ] 测试日志信息
---------------------------------------------------------------
[ 2018-02-27T15:43:06+08:00 ] 0.0.0.0 GET /tp5/public/index.php/admin/admin/getlog.html
[ info ] localhost/tp5/public/index.php/admin/admin/getlog.html [运行时间：0.420650s][吞吐率：2.38req/s] [内存消耗：1,768.70kb] [文件加载：43]
[ info ] [ LANG ] C:\AppServ\www\tp5\thinkphp\lang\zh-cn.php
[ info ] [ ROUTE ] array (
  'type' => 'module',
  'module' => 
  array (
    0 => 'admin',
    1 => 'admin',
    2 => 'getlog',
  ),
)
[ info ] [ HEADER ] array (
  'host' => 'localhost',
  'connection' => 'keep-alive',
  'user-agent' => 'Mozilla/5.0 (Windows NT 10.0; Win64; x64) AppleWebKit/537.36 (KHTML, like Gecko) Chrome/64.0.3282.186 Safari/537.36',
  'accept' => '*/*',
  'referer' => 'http://localhost/tp5/public/index.php/admin/admin',
  'accept-encoding' => 'gzip, deflate, br',
  'accept-language' => 'zh-CN,zh;q=0.9,en-US;q=0.8,en;q=0.7',
  'dnt' => '1',
)
[ info ] [ PARAM ] array (
)
[ info ] [ LOG ] INIT File
[ info ] [ RUN ] app\admin\controller\Admin->getlog[ C:\AppServ\www\tp5\application\admin\controller\Admin.php ]
[ log ] 测试日志信息
[ log ] 读取数据
---------------------------------------------------------------
[ 2018-02-27T15:43:09+08:00 ] 0.0.0.0 GET /tp5/public/index.php/admin/admin/contractors.html
[ info ] localhost/tp5/public/index.php/admin/admin/contractors.html [运行时间：0.445366s][吞吐率：2.25req/s] [内存消耗：3,029.13kb] [文件加载：52]
[ info ] [ LANG ] C:\AppServ\www\tp5\thinkphp\lang\zh-cn.php
[ info ] [ ROUTE ] array (
  'type' => 'module',
  'module' => 
  array (
    0 => 'admin',
    1 => 'admin',
    2 => 'contractors',
  ),
)
[ info ] [ HEADER ] array (
  'host' => 'localhost',
  'connection' => 'keep-alive',
  'upgrade-insecure-requests' => '1',
  'user-agent' => 'Mozilla/5.0 (Windows NT 10.0; Win64; x64) AppleWebKit/537.36 (KHTML, like Gecko) Chrome/64.0.3282.186 Safari/537.36',
  'accept' => 'text/html,application/xhtml+xml,application/xml;q=0.9,image/webp,image/apng,*/*;q=0.8',
  'referer' => 'http://localhost/tp5/public/index.php/admin/admin',
  'accept-encoding' => 'gzip, deflate, br',
  'accept-language' => 'zh-CN,zh;q=0.9,en-US;q=0.8,en;q=0.7',
  'dnt' => '1',
)
[ info ] [ PARAM ] array (
)
[ info ] [ LOG ] INIT File
[ info ] [ RUN ] app\admin\controller\Admin->contractors[ C:\AppServ\www\tp5\application\admin\controller\Admin.php ]
[ info ] [ DB ] INIT mysql
[ info ] [ VIEW ] C:\AppServ\www\tp5\public/../application/admin\view\admin\contractors.html [ array (
  0 => 'list',
) ]
[ log ] 测试日志信息
---------------------------------------------------------------
[ 2018-02-27T15:43:12+08:00 ] 0.0.0.0 GET /tp5/public/index.php/admin/admin/detailscon/username/hhhh.html
[ info ] localhost/tp5/public/index.php/admin/admin/detailscon/username/hhhh.html [运行时间：0.824750s][吞吐率：1.21req/s] [内存消耗：1,803.45kb] [文件加载：44]
[ info ] [ LANG ] C:\AppServ\www\tp5\thinkphp\lang\zh-cn.php
[ info ] [ ROUTE ] array (
  'type' => 'module',
  'module' => 
  array (
    0 => 'admin',
    1 => 'admin',
    2 => 'detailscon',
  ),
)
[ info ] [ HEADER ] array (
  'host' => 'localhost',
  'connection' => 'keep-alive',
  'upgrade-insecure-requests' => '1',
  'user-agent' => 'Mozilla/5.0 (Windows NT 10.0; Win64; x64) AppleWebKit/537.36 (KHTML, like Gecko) Chrome/64.0.3282.186 Safari/537.36',
  'accept' => 'text/html,application/xhtml+xml,application/xml;q=0.9,image/webp,image/apng,*/*;q=0.8',
  'referer' => 'http://localhost/tp5/public/index.php/admin/admin/contractors.html',
  'accept-encoding' => 'gzip, deflate, br',
  'accept-language' => 'zh-CN,zh;q=0.9,en-US;q=0.8,en;q=0.7',
  'dnt' => '1',
)
[ info ] [ PARAM ] array (
  'username' => 'hhhh',
)
[ info ] [ LOG ] INIT File
[ log ] 测试日志信息
[ error ] [0]方法参数错误:name[C:\AppServ\www\tp5\thinkphp\library\think\App.php:431]
---------------------------------------------------------------
[ 2018-02-27T15:43:27+08:00 ] 0.0.0.0 GET /tp5/public/index.php/admin/admin/addcon.html
[ info ] localhost/tp5/public/index.php/admin/admin/addcon.html [运行时间：0.427037s][吞吐率：2.34req/s] [内存消耗：1,852.71kb] [文件加载：44]
[ info ] [ LANG ] C:\AppServ\www\tp5\thinkphp\lang\zh-cn.php
[ info ] [ ROUTE ] array (
  'type' => 'module',
  'module' => 
  array (
    0 => 'admin',
    1 => 'admin',
    2 => 'addcon',
  ),
)
[ info ] [ HEADER ] array (
  'host' => 'localhost',
  'connection' => 'keep-alive',
  'upgrade-insecure-requests' => '1',
  'user-agent' => 'Mozilla/5.0 (Windows NT 10.0; Win64; x64) AppleWebKit/537.36 (KHTML, like Gecko) Chrome/64.0.3282.186 Safari/537.36',
  'accept' => 'text/html,application/xhtml+xml,application/xml;q=0.9,image/webp,image/apng,*/*;q=0.8',
  'referer' => 'http://localhost/tp5/public/index.php/admin/admin/contractors.html',
  'accept-encoding' => 'gzip, deflate, br',
  'accept-language' => 'zh-CN,zh;q=0.9,en-US;q=0.8,en;q=0.7',
  'dnt' => '1',
)
[ info ] [ PARAM ] array (
)
[ info ] [ LOG ] INIT File
[ info ] [ RUN ] app\admin\controller\Admin->addcon[ C:\AppServ\www\tp5\application\admin\controller\Admin.php ]
[ info ] [ VIEW ] C:\AppServ\www\tp5\public/../application/admin\view\admin\add-con.html [ array (
) ]
[ log ] 测试日志信息
---------------------------------------------------------------
[ 2018-02-27T15:43:29+08:00 ] 0.0.0.0 GET /tp5/public/index.php/admin/admin/revisecon.html
[ info ] localhost/tp5/public/index.php/admin/admin/revisecon.html [运行时间：0.424967s][吞吐率：2.35req/s] [内存消耗：1,836.74kb] [文件加载：44]
[ info ] [ LANG ] C:\AppServ\www\tp5\thinkphp\lang\zh-cn.php
[ info ] [ ROUTE ] array (
  'type' => 'module',
  'module' => 
  array (
    0 => 'admin',
    1 => 'admin',
    2 => 'revisecon',
  ),
)
[ info ] [ HEADER ] array (
  'host' => 'localhost',
  'connection' => 'keep-alive',
  'upgrade-insecure-requests' => '1',
  'user-agent' => 'Mozilla/5.0 (Windows NT 10.0; Win64; x64) AppleWebKit/537.36 (KHTML, like Gecko) Chrome/64.0.3282.186 Safari/537.36',
  'accept' => 'text/html,application/xhtml+xml,application/xml;q=0.9,image/webp,image/apng,*/*;q=0.8',
  'referer' => 'http://localhost/tp5/public/index.php/admin/admin/addcon.html',
  'accept-encoding' => 'gzip, deflate, br',
  'accept-language' => 'zh-CN,zh;q=0.9,en-US;q=0.8,en;q=0.7',
  'dnt' => '1',
)
[ info ] [ PARAM ] array (
)
[ info ] [ LOG ] INIT File
[ info ] [ RUN ] app\admin\controller\Admin->revisecon[ C:\AppServ\www\tp5\application\admin\controller\Admin.php ]
[ info ] [ VIEW ] C:\AppServ\www\tp5\public/../application/admin\view\admin\revise-con.html [ array (
) ]
[ log ] 测试日志信息
---------------------------------------------------------------
[ 2018-02-27T15:43:32+08:00 ] 0.0.0.0 GET /tp5/public/index.php/admin/admin/companies.html
[ info ] localhost/tp5/public/index.php/admin/admin/companies.html [运行时间：0.437363s][吞吐率：2.29req/s] [内存消耗：3,018.29kb] [文件加载：52]
[ info ] [ LANG ] C:\AppServ\www\tp5\thinkphp\lang\zh-cn.php
[ info ] [ ROUTE ] array (
  'type' => 'module',
  'module' => 
  array (
    0 => 'admin',
    1 => 'admin',
    2 => 'companies',
  ),
)
[ info ] [ HEADER ] array (
  'host' => 'localhost',
  'connection' => 'keep-alive',
  'upgrade-insecure-requests' => '1',
  'user-agent' => 'Mozilla/5.0 (Windows NT 10.0; Win64; x64) AppleWebKit/537.36 (KHTML, like Gecko) Chrome/64.0.3282.186 Safari/537.36',
  'accept' => 'text/html,application/xhtml+xml,application/xml;q=0.9,image/webp,image/apng,*/*;q=0.8',
  'referer' => 'http://localhost/tp5/public/index.php/admin/admin/revisecon.html',
  'accept-encoding' => 'gzip, deflate, br',
  'accept-language' => 'zh-CN,zh;q=0.9,en-US;q=0.8,en;q=0.7',
  'dnt' => '1',
)
[ info ] [ PARAM ] array (
)
[ info ] [ LOG ] INIT File
[ info ] [ RUN ] app\admin\controller\Admin->companies[ C:\AppServ\www\tp5\application\admin\controller\Admin.php ]
[ info ] [ DB ] INIT mysql
[ info ] [ VIEW ] C:\AppServ\www\tp5\public/../application/admin\view\admin\companies.html [ array (
  0 => 'list',
) ]
[ log ] 测试日志信息
---------------------------------------------------------------
[ 2018-02-27T15:43:35+08:00 ] 0.0.0.0 GET /tp5/public/index.php/admin/admin/detialscom/name/%E5%98%BB%E5%98%BB%E5%93%88%E5%93%88.html
[ info ] localhost/tp5/public/index.php/admin/admin/detialscom/name/%E5%98%BB%E5%98%BB%E5%93%88%E5%93%88.html [运行时间：0.824541s][吞吐率：1.21req/s] [内存消耗：1,806.27kb] [文件加载：45]
[ info ] [ LANG ] C:\AppServ\www\tp5\thinkphp\lang\zh-cn.php
[ info ] [ ROUTE ] array (
  'type' => 'module',
  'module' => 
  array (
    0 => 'admin',
    1 => 'admin',
    2 => 'detialscom',
  ),
)
[ info ] [ HEADER ] array (
  'host' => 'localhost',
  'connection' => 'keep-alive',
  'upgrade-insecure-requests' => '1',
  'user-agent' => 'Mozilla/5.0 (Windows NT 10.0; Win64; x64) AppleWebKit/537.36 (KHTML, like Gecko) Chrome/64.0.3282.186 Safari/537.36',
  'accept' => 'text/html,application/xhtml+xml,application/xml;q=0.9,image/webp,image/apng,*/*;q=0.8',
  'referer' => 'http://localhost/tp5/public/index.php/admin/admin/companies.html',
  'accept-encoding' => 'gzip, deflate, br',
  'accept-language' => 'zh-CN,zh;q=0.9,en-US;q=0.8,en;q=0.7',
  'dnt' => '1',
)
[ info ] [ PARAM ] array (
  'name' => '嘻嘻哈哈',
)
[ info ] [ LOG ] INIT File
[ log ] 测试日志信息
---------------------------------------------------------------
[ 2018-02-27T15:43:43+08:00 ] 0.0.0.0 GET /tp5/public/index.php/admin/admin/contractors.html
[ info ] localhost/tp5/public/index.php/admin/admin/contractors.html [运行时间：0.447098s][吞吐率：2.24req/s] [内存消耗：3,029.14kb] [文件加载：52]
[ info ] [ LANG ] C:\AppServ\www\tp5\thinkphp\lang\zh-cn.php
[ info ] [ ROUTE ] array (
  'type' => 'module',
  'module' => 
  array (
    0 => 'admin',
    1 => 'admin',
    2 => 'contractors',
  ),
)
[ info ] [ HEADER ] array (
  'host' => 'localhost',
  'connection' => 'keep-alive',
  'upgrade-insecure-requests' => '1',
  'user-agent' => 'Mozilla/5.0 (Windows NT 10.0; Win64; x64) AppleWebKit/537.36 (KHTML, like Gecko) Chrome/64.0.3282.186 Safari/537.36',
  'accept' => 'text/html,application/xhtml+xml,application/xml;q=0.9,image/webp,image/apng,*/*;q=0.8',
  'referer' => 'http://localhost/tp5/public/index.php/admin/admin/companies.html',
  'accept-encoding' => 'gzip, deflate, br',
  'accept-language' => 'zh-CN,zh;q=0.9,en-US;q=0.8,en;q=0.7',
  'dnt' => '1',
)
[ info ] [ PARAM ] array (
)
[ info ] [ LOG ] INIT File
[ info ] [ RUN ] app\admin\controller\Admin->contractors[ C:\AppServ\www\tp5\application\admin\controller\Admin.php ]
[ info ] [ DB ] INIT mysql
[ info ] [ VIEW ] C:\AppServ\www\tp5\public/../application/admin\view\admin\contractors.html [ array (
  0 => 'list',
) ]
[ log ] 测试日志信息
---------------------------------------------------------------
[ 2018-02-27T15:43:46+08:00 ] 0.0.0.0 GET /tp5/public/index.php/admin/admin/detailscon/username/hhhh.html
[ info ] localhost/tp5/public/index.php/admin/admin/detailscon/username/hhhh.html [运行时间：0.824778s][吞吐率：1.21req/s] [内存消耗：1,803.45kb] [文件加载：44]
[ info ] [ LANG ] C:\AppServ\www\tp5\thinkphp\lang\zh-cn.php
[ info ] [ ROUTE ] array (
  'type' => 'module',
  'module' => 
  array (
    0 => 'admin',
    1 => 'admin',
    2 => 'detailscon',
  ),
)
[ info ] [ HEADER ] array (
  'host' => 'localhost',
  'connection' => 'keep-alive',
  'upgrade-insecure-requests' => '1',
  'user-agent' => 'Mozilla/5.0 (Windows NT 10.0; Win64; x64) AppleWebKit/537.36 (KHTML, like Gecko) Chrome/64.0.3282.186 Safari/537.36',
  'accept' => 'text/html,application/xhtml+xml,application/xml;q=0.9,image/webp,image/apng,*/*;q=0.8',
  'referer' => 'http://localhost/tp5/public/index.php/admin/admin/contractors.html',
  'accept-encoding' => 'gzip, deflate, br',
  'accept-language' => 'zh-CN,zh;q=0.9,en-US;q=0.8,en;q=0.7',
  'dnt' => '1',
)
[ info ] [ PARAM ] array (
  'username' => 'hhhh',
)
[ info ] [ LOG ] INIT File
[ log ] 测试日志信息
[ error ] [0]方法参数错误:name[C:\AppServ\www\tp5\thinkphp\library\think\App.php:431]
---------------------------------------------------------------
[ 2018-02-27T15:44:15+08:00 ] 0.0.0.0 GET /tp5/public/index.php/admin/admin/detailscon/username/hhhh.html
[ info ] localhost/tp5/public/index.php/admin/admin/detailscon/username/hhhh.html [运行时间：0.864982s][吞吐率：1.16req/s] [内存消耗：3,241.19kb] [文件加载：56]
[ info ] [ LANG ] C:\AppServ\www\tp5\thinkphp\lang\zh-cn.php
[ info ] [ ROUTE ] array (
  'type' => 'module',
  'module' => 
  array (
    0 => 'admin',
    1 => 'admin',
    2 => 'detailscon',
  ),
)
[ info ] [ HEADER ] array (
  'host' => 'localhost',
  'connection' => 'keep-alive',
  'cache-control' => 'max-age=0',
  'upgrade-insecure-requests' => '1',
  'user-agent' => 'Mozilla/5.0 (Windows NT 10.0; Win64; x64) AppleWebKit/537.36 (KHTML, like Gecko) Chrome/64.0.3282.186 Safari/537.36',
  'accept' => 'text/html,application/xhtml+xml,application/xml;q=0.9,image/webp,image/apng,*/*;q=0.8',
  'referer' => 'http://localhost/tp5/public/index.php/admin/admin/contractors.html',
  'accept-encoding' => 'gzip, deflate, br',
  'accept-language' => 'zh-CN,zh;q=0.9,en-US;q=0.8,en;q=0.7',
  'dnt' => '1',
)
[ info ] [ PARAM ] array (
  'username' => 'hhhh',
)
[ info ] [ LOG ] INIT File
[ info ] [ RUN ] app\admin\controller\Admin->detailscon[ C:\AppServ\www\tp5\application\admin\controller\Admin.php ]
[ info ] [ DB ] INIT mysql
[ info ] [ VIEW ] C:\AppServ\www\tp5\public/../application/admin\view\admin\details-con.html [ array (
  0 => 'user',
) ]
[ log ] 测试日志信息
[ error ] [0]类的属性不存在:app\api\model\Contractors->CreditRating[C:\AppServ\www\tp5\thinkphp\library\think\Model.php:587]
---------------------------------------------------------------
[ 2018-02-27T15:46:11+08:00 ] 0.0.0.0 GET /tp5/public/index.php/admin/admin/detailscon/username/hhhh.html
[ info ] localhost/tp5/public/index.php/admin/admin/detailscon/username/hhhh.html [运行时间：0.453105s][吞吐率：2.21req/s] [内存消耗：3,202.66kb] [文件加载：54]
[ info ] [ LANG ] C:\AppServ\www\tp5\thinkphp\lang\zh-cn.php
[ info ] [ ROUTE ] array (
  'type' => 'module',
  'module' => 
  array (
    0 => 'admin',
    1 => 'admin',
    2 => 'detailscon',
  ),
)
[ info ] [ HEADER ] array (
  'host' => 'localhost',
  'connection' => 'keep-alive',
  'cache-control' => 'max-age=0',
  'upgrade-insecure-requests' => '1',
  'user-agent' => 'Mozilla/5.0 (Windows NT 10.0; Win64; x64) AppleWebKit/537.36 (KHTML, like Gecko) Chrome/64.0.3282.186 Safari/537.36',
  'accept' => 'text/html,application/xhtml+xml,application/xml;q=0.9,image/webp,image/apng,*/*;q=0.8',
  'referer' => 'http://localhost/tp5/public/index.php/admin/admin/contractors.html',
  'accept-encoding' => 'gzip, deflate, br',
  'accept-language' => 'zh-CN,zh;q=0.9,en-US;q=0.8,en;q=0.7',
  'dnt' => '1',
)
[ info ] [ PARAM ] array (
  'username' => 'hhhh',
)
[ info ] [ LOG ] INIT File
[ info ] [ RUN ] app\admin\controller\Admin->detailscon[ C:\AppServ\www\tp5\application\admin\controller\Admin.php ]
[ info ] [ DB ] INIT mysql
[ info ] [ VIEW ] C:\AppServ\www\tp5\public/../application/admin\view\admin\details-con.html [ array (
  0 => 'user',
) ]
[ log ] 测试日志信息
---------------------------------------------------------------
[ 2018-02-27T15:46:19+08:00 ] 0.0.0.0 GET /tp5/public/index.php/admin/admin/user.html
[ info ] localhost/tp5/public/index.php/admin/admin/user.html [运行时间：0.449673s][吞吐率：2.22req/s] [内存消耗：3,034.08kb] [文件加载：52]
[ info ] [ LANG ] C:\AppServ\www\tp5\thinkphp\lang\zh-cn.php
[ info ] [ ROUTE ] array (
  'type' => 'module',
  'module' => 
  array (
    0 => 'admin',
    1 => 'admin',
    2 => 'user',
  ),
)
[ info ] [ HEADER ] array (
  'host' => 'localhost',
  'connection' => 'keep-alive',
  'upgrade-insecure-requests' => '1',
  'user-agent' => 'Mozilla/5.0 (Windows NT 10.0; Win64; x64) AppleWebKit/537.36 (KHTML, like Gecko) Chrome/64.0.3282.186 Safari/537.36',
  'accept' => 'text/html,application/xhtml+xml,application/xml;q=0.9,image/webp,image/apng,*/*;q=0.8',
  'referer' => 'http://localhost/tp5/public/index.php/admin/admin/detailscon/username/hhhh.html',
  'accept-encoding' => 'gzip, deflate, br',
  'accept-language' => 'zh-CN,zh;q=0.9,en-US;q=0.8,en;q=0.7',
  'dnt' => '1',
)
[ info ] [ PARAM ] array (
)
[ info ] [ LOG ] INIT File
[ info ] [ RUN ] app\admin\controller\Admin->user[ C:\AppServ\www\tp5\application\admin\controller\Admin.php ]
[ info ] [ DB ] INIT mysql
[ info ] [ VIEW ] C:\AppServ\www\tp5\public/../application/admin\view\admin\user.html [ array (
  0 => 'list',
) ]
[ log ] 测试日志信息
---------------------------------------------------------------
[ 2018-02-27T15:46:24+08:00 ] 0.0.0.0 GET /tp5/public/index.php/admin/admin/detailsuser/username/%E5%BC%A0%E4%B8%89.html
[ info ] localhost/tp5/public/index.php/admin/admin/detailsuser/username/%E5%BC%A0%E4%B8%89.html [运行时间：0.450837s][吞吐率：2.22req/s] [内存消耗：3,204.34kb] [文件加载：54]
[ info ] [ LANG ] C:\AppServ\www\tp5\thinkphp\lang\zh-cn.php
[ info ] [ ROUTE ] array (
  'type' => 'module',
  'module' => 
  array (
    0 => 'admin',
    1 => 'admin',
    2 => 'detailsuser',
  ),
)
[ info ] [ HEADER ] array (
  'host' => 'localhost',
  'connection' => 'keep-alive',
  'upgrade-insecure-requests' => '1',
  'user-agent' => 'Mozilla/5.0 (Windows NT 10.0; Win64; x64) AppleWebKit/537.36 (KHTML, like Gecko) Chrome/64.0.3282.186 Safari/537.36',
  'accept' => 'text/html,application/xhtml+xml,application/xml;q=0.9,image/webp,image/apng,*/*;q=0.8',
  'referer' => 'http://localhost/tp5/public/index.php/admin/admin/user.html',
  'accept-encoding' => 'gzip, deflate, br',
  'accept-language' => 'zh-CN,zh;q=0.9,en-US;q=0.8,en;q=0.7',
  'dnt' => '1',
)
[ info ] [ PARAM ] array (
  'username' => '张三',
)
[ info ] [ LOG ] INIT File
[ info ] [ RUN ] app\admin\controller\Admin->detailsuser[ C:\AppServ\www\tp5\application\admin\controller\Admin.php ]
[ info ] [ DB ] INIT mysql
[ info ] [ VIEW ] C:\AppServ\www\tp5\public/../application/admin\view\admin\details-user.html [ array (
  0 => 'user',
) ]
[ log ] 测试日志信息
